1. [(-3, 6), (0, 0)][(6, -3), (0, 0)][(-3, -3), (0, 0)]
2. [(-5, 6), (-2, 0)][(6, -1), (0, 2)][(-1, -5), (2, -2)]
3. [(-1, 6), (2, 0)][(6, -5), (0, -2)][(-5, -1), (-2, 2)]
