1. [(-3, 6), (0, 0)][(6, -3), (0, 0)][(-3, -3), (0, 0)]
2. [(-5, 6), (-2, 0)][(6, -1), (0, 2)][(-1, -5), (2, -2)]
3. [(-1, 6), (2, 0)][(6, -5), (0, -2)][(-5, -1), (-2, 2)]
4. [(-5, 5), (-5, 4)][(5, 0), (4, 1)][(0, -5), (1, -5)]
5. [(-6, 6), (-2, 2)][(6, 0), (2, 0)][(0, -6), (0, -2)]
6. [(-2, 2), (-1, 1)][(2, 0), (1, 0)][(0, -2), (0, -1)]
7. [(-1, 1), (0, 0)][(1, 0), (0, 0)][(0, -1), (0, 0)]
8. [(-2, 0), (1, -6)][(0, 2), (-6, 5)][(-2, -5), (1, -6)]
9. [(-5, 7), (-6, 5)][(6, -6), (5, -6)][(2, -2), (5, 1)]
10. [(0, 5), (1, 4)][(7, -2), (5, 1)][(-4, -3), (-7, 3)]
11. [(-6, 5), (-7, 3)][(7, -7), (6, -6)][(-5, -2), (-3, -1)]
12. [(-2, 5), (-1, 4)][(5, -6), (1, -6)][(-3, -1), (-4, 2)]
13. [(-3, 7), (1, -1)][(7, -4), (4, -7)][(-4, 2), (-7, 3)]
14. [(1, -1), (4, -7)][(6, -6), (6, -5)][(-1, -6), (1, -6)]
15. [(-2, 7), (0, 4)][(7, -6), (5, -6)][(1, -6), (5, -6)]
16. [(4, -7), (3, -7)][(7, -5), (5, -6)][(-2, -4), (-1, -5)]
17. [(3, -7), (-1, -5)][(5, -6), (2, -4)][(-3, -4), (-4, -3)]
18. [(-1, -5), (0, -7)][(2, -4), (3, -2)][(-4, -3), (-3, -3)]
19. [(-6, 7), (-6, 3)][(4, 1), (3, 1)][(-1, -4), (-1, -3)]
20. [(-6, 3), (3, -6)][(5, -5), (4, -4)][(1, -5), (1, -4)]
21. [(0, -7), (1, -7)][(3, -2), (0, 0)][(-3, -3), (-3, -4)]
