1. [(-3, 6), (-1, 2)][(5, -4), (4, -4)][(0, -6), (1, -6)]
2. [(-3, 5), (-2, 4)][(5, -5), (4, -5)][(0, -7), (0, -6)]
3. [(-3, 7), (-3, 3)][(6, -4), (5, -4)][(0, -5), (0, 5)]
4. [(0, 6), (0, 5)][(4, -5), (3, -5)][(-1, -4), (0, -4)]
5. [(-3, 3), (-3, 1)][(6, -6), (5, -5)][(0, -6), (0, -5)]
6. [(-1, 6), (1, 2)][(3, -5), (2, -4)][(0, -4), (0, 5)]
7. [(-5, 6), (-4, 4)][(7, -7), (6, -6)][(-5, -1), (-3, 1)]
8. [(-4, 5), (-3, 4)][(6, -6), (5, -6)][(0, 5), (1, 5)]
9. [(-3, 4), (-2, 3)][(2, -4), (1, -4)][(1, 5), (2, 5)]
10. [(-1, 2), (2, 5)][(5, -3), (4, -2)][(0, -5), (0, -6)]
11. [(-1, 7), (0, 6)][(5, -2), (4, -1)][(1, -6), (5, -6)]
12. [(-6, 7), (-3, 4)][(7, -5), (5, -6)][(-3, 1), (7, -4)]
13. [(-7, 7), (-6, 7)][(7, -6), (7, -4)][(-6, 0), (-6, 1)]
14. [(-2, 5), (-1, 4)][(6, -5), (5, -3)][(-7, 0), (-6, 0)]
15. [(-6, 7), (-5, 6)][(6, 0), (5, 1)][(-5, 0), (5, 0)]
16. [(-5, 5), (-5, -2)][(5, -1), (4, 0)][(-4, -3), (-5, -2)]
17. [(-6, 6), (-5, 5)][(5, -6), (3, -7)][(-6, 0), (-5, 0)]
18. [(-2, 7), (-3, 5)][(5, -5), (4, -5)][(-6, 1), (-5, 1)]
19. [(-4, 4), (-7, 1)][(6, -2), (5, -1)][(-6, -1), (-6, 0)]
20. [(-3, 4), (-7, 4)][(3, -7), (0, -6)][(-1, -6), (0, -6)]
21. [(-7, 4), (-7, 2)][(5, -1), (5, 0)][(-5, 0), (-6, 1)]
22. [(-7, 2), (-7, 4)][(5, 0), (6, 0)][(-6, 1), (-7, 1)]
23. [(-5, 5), (-5, 1)][(1, -4), (0, -4)][(-5, -2), (-5, 1)]
24. [(-3, 5), (-4, 3)][(0, -4), (-1, -4)][(-5, 1), (-2, 4)]
25. [(0, 6), (0, -6)][(-1, -4), (-2, -4)][(-3, -4), (-2, -4)]
26. [(-2, 6), (-2, 5)][(6, -1), (3, -4)][(-2, 4), (-2, 3)]
27. [(-4, 7), (-3, 6)][(3, -4), (-7, 1)][(-2, 3), (-3, 2)]
28. [(-7, 4), (-3, 4)][(4, -1), (3, -1)][(-3, 2), (-4, 3)]
29. [(0, -6), (0, 3)][(5, -3), (1, -1)][(-4, 3), (-1, -3)]
30. [(0, 3), (-1, 3)][(1, -1), (-1, -3)][(-2, -4), (-1, -4)]
31. [(-1, 3), (0, 2)][(-1, -3), (0, -2)][(-6, 0), (-7, 1)]
32. [(0, 2), (-1, 2)][(7, -1), (4, -1)][(-2, -3), (-1, -3)]
33. [(2, 5), (3, 3)][(7, -4), (6, -4)][(-1, -4), (0, -4)]
34. [(-5, 7), (-4, 4)][(0, -2), (2, -6)][(-1, -5), (3, -7)]
35. [(-1, 2), (0, 1)][(6, -3), (5, -1)][(-1, -3), (0, -3)]
36. [(0, 1), (-7, 1)][(4, -5), (3, -4)][(3, -7), (6, -4)]
37. [(-7, 1), (-7, 3)][(5, -4), (6, -4)][(-2, -5), (-1, -3)]
38. [(-7, 3), (-7, 1)][(4, -1), (3, 0)][(-3, -3), (-2, -2)]
39. [(-7, 1), (-4, -2)][(4, -2), (3, -2)][(-1, -3), (-4, -2)]
40. [(-3, 4), (-3, -2)][(3, 0), (-2, 0)][(-2, -2), (-5, 4)]
41. [(-5, 6), (-4, 5)][(-2, 0), (-2, -2)][(-4, -2), (-1, -3)]
42. [(-3, -2), (0, -5)][(7, -2), (5, -3)]
